A51 MACRO ASSEMBLER  STREETZ                                                              12/10/2018 15:35:16 PAGE     1


MACRO ASSEMBLER A51 V8.2.7.0
OBJECT MODULE PLACED IN .\Objects\streetz.obj
ASSEMBLER INVOKED BY: C:\Program Files\C51\BIN\A51.EXE streetz.a51 NOMOD51 SET(SMALL) DEBUG PRINT(.\Listings\streetz.lst
                      ) OBJECT(.\Objects\streetz.obj) EP

LOC  OBJ            LINE     SOURCE

                       1      ;#include <at89C51ic2.h>
                +1     2     
                +1     3     
                +1     4     
                +1     5     
                +1     6     
                +1     7     
                +1     8     
                +1     9     
                +1    10     
                +1    11     
                +1    12     
                +1    13     
                +1    14     
                +1    15     
                +1    16     
                +1    17     
  0080          +1    18     sfr P0 = 0x80;        
                +1    19     
  0087          +1    20     sbit P0_7 = 0x80^7;
  0086          +1    21     sbit P0_6 = 0x80^6;
  0085          +1    22     sbit P0_5 = 0x80^5;
  0084          +1    23     sbit P0_4 = 0x80^4;
  0083          +1    24     sbit P0_3 = 0x80^3;
  0082          +1    25     sbit P0_2 = 0x80^2;
  0081          +1    26     sbit P0_1 = 0x80^1;
  0080          +1    27     sbit P0_0 = 0x80^0;
                +1    28     
  0090          +1    29     sfr P1 = 0x90;        
                +1    30     
  0097          +1    31     sbit P1_7 = 0x90^7;
  0096          +1    32     sbit P1_6 = 0x90^6;
  0095          +1    33     sbit P1_5 = 0x90^5;
  0094          +1    34     sbit P1_4 = 0x90^4;
  0093          +1    35     sbit P1_3 = 0x90^3;
  0092          +1    36     sbit P1_2 = 0x90^2;
  0091          +1    37     sbit P1_1 = 0x90^1;
  0090          +1    38     sbit P1_0 = 0x90^0;
                +1    39     
                +1    40     
                +1    41     
  00A0          +1    42     sfr P2 = 0xA0; 
  00A7          +1    43     sbit P2_7 = 0xA0^7;
  00A6          +1    44     sbit P2_6 = 0xA0^6;
  00A5          +1    45     sbit P2_5 = 0xA0^5;
  00A4          +1    46     sbit P2_4 = 0xA0^4;
  00A3          +1    47     sbit P2_3 = 0xA0^3;
  00A2          +1    48     sbit P2_2 = 0xA0^2;
  00A1          +1    49     sbit P2_1 = 0xA0^1;
  00A0          +1    50     sbit P2_0 = 0xA0^0;
                +1    51     
                +1    52            
  00B0          +1    53     sfr P3 = 0xB0;        
                +1    54     
  00B7          +1    55     sbit P3_7 = 0xB0^7;
  00B6          +1    56     sbit P3_6 = 0xB0^6;
  00B5          +1    57     sbit P3_5 = 0xB0^5;
A51 MACRO ASSEMBLER  STREETZ                                                              12/10/2018 15:35:16 PAGE     2

  00B4          +1    58     sbit P3_4 = 0xB0^4;
  00B3          +1    59     sbit P3_3 = 0xB0^3;
  00B2          +1    60     sbit P3_2 = 0xB0^2;
  00B1          +1    61     sbit P3_1 = 0xB0^1;
  00B0          +1    62     sbit P3_0 = 0xB0^0;
                +1    63     
  00B7          +1    64     sbit RD = 0xB0^7;
  00B6          +1    65     sbit WR = 0xB0^6;
  00B5          +1    66     sbit T1 = 0xB0^5;
  00B4          +1    67     sbit T0 = 0xB0^4;
  00B3          +1    68     sbit INT1 = 0xB0^3;
  00B2          +1    69     sbit INT0 = 0xB0^2;
  00B1          +1    70     sbit TXD = 0xB0^1;
  00B0          +1    71     sbit RXD = 0xB0^0;
                +1    72     
  00C0          +1    73     sfr P4 = 0xC0;  /* => PI2 */      
  00D0          +1    74     sfr PSW = 0xD0;       
                +1    75     
  00D7          +1    76     sbit CY = 0xD0^7;
  00D6          +1    77     sbit AC = 0xD0^6;
  00D5          +1    78     sbit F0 = 0xD0^5;
  00D4          +1    79     sbit RS1 = 0xD0^4;
  00D3          +1    80     sbit RS0 = 0xD0^3;
  00D2          +1    81     sbit OV = 0xD0^2;
  00D1          +1    82     sbit UD = 0xD0^1;
  00D0          +1    83     sbit P = 0xD0^0;
                +1    84     
  00E0          +1    85     sfr ACC = 0xE0;       
  00F0          +1    86     sfr B = 0xF0; 
  0081          +1    87     sfr SP = 0x81;        
  0082          +1    88     sfr DPL = 0x82;       
  0083          +1    89     sfr DPH = 0x83;       
                +1    90     
  0087          +1    91     sfr PCON = 0x87;      
  008F          +1    92     sfr CKCON0 = 0x8F;     
  00AF          +1    93     sfr CKCON1 = 0xAF;
                +1    94     
                +1    95     
  0088          +1    96     sfr TCON = 0x88;
  008F          +1    97     sbit TF1 = 0x88^7;
  008E          +1    98     sbit TR1 = 0x88^6;
  008D          +1    99     sbit TF0 = 0x88^5;
  008C          +1   100     sbit TR0 = 0x88^4;
  008B          +1   101     sbit IE1 = 0x88^3;
  008A          +1   102     sbit IT1 = 0x88^2;
  0089          +1   103     sbit IE0 = 0x88^1;
  0088          +1   104     sbit IT0 = 0x88^0;
                +1   105             
  0089          +1   106     sfr TMOD = 0x89;      
                +1   107     
  00C8          +1   108     sfr T2CON = 0xC8;
  00CF          +1   109     sbit TF2 = 0xC8^7;
  00CE          +1   110     sbit EXF2 = 0xC8^6;
  00CD          +1   111     sbit RCLK = 0xC8^5;
  00CC          +1   112     sbit TCLK = 0xC8^4;
  00CB          +1   113     sbit EXEN2 = 0xC8^3;
  00CA          +1   114     sbit TR2 = 0xC8^2;
  00C9          +1   115     sbit C_T2 = 0xC8^1;
  00C8          +1   116     sbit CP_RL2 = 0xC8^0;
                +1   117             
  00C9          +1   118     sfr T2MOD = 0xC9;     
  008A          +1   119     sfr TL0 = 0x8A;       
  008B          +1   120     sfr TL1 = 0x8B;       
  00CC          +1   121     sfr TL2 = 0xCC;       
  008C          +1   122     sfr TH0 = 0x8C;       
  008D          +1   123     sfr TH1 = 0x8D;       
A51 MACRO ASSEMBLER  STREETZ                                                              12/10/2018 15:35:16 PAGE     3

  00CD          +1   124     sfr TH2 = 0xCD;       
  00CA          +1   125     sfr RCAP2L = 0xCA;    
  00CB          +1   126     sfr RCAP2H = 0xCB;    
  00A6          +1   127     sfr WDTRST = 0xA6;    
  00A7          +1   128     sfr WDTPRG = 0xA7;    
                +1   129     
                +1   130     
                +1   131     
  0098          +1   132     sfr SCON = 0x98;      
  009F          +1   133     sbit SM0 = 0x98^7;
  009F          +1   134     sbit FE = 0x98^7;
  009E          +1   135     sbit SM1 = 0x98^6;
  009D          +1   136     sbit SM2 = 0x98^5;
  009C          +1   137     sbit REN = 0x98^4;
  009B          +1   138     sbit TB8 = 0x98^3;
  009A          +1   139     sbit RB8 = 0x98^2;
  0099          +1   140     sbit TI = 0x98^1;
  0098          +1   141     sbit RI = 0x98^0;
                +1   142     
  0099          +1   143     sfr SBUF = 0x99;      
  00B9          +1   144     sfr SADEN = 0xB9;     
  00A9          +1   145     sfr SADDR = 0xA9;     
                +1   146     
                +1   147     
  009A          +1   148     sfr BRL = 0x9A;      
  009B          +1   149     sfr BDRCON = 0x9B;      
                +1   150     
                +1   151     
                +1   152     
                +1   153     
  00A8          +1   154     sfr IEN0 = 0xA8;      
  00B1          +1   155     sfr IEN1 = 0xB1;      
  00B7          +1   156     sfr IPH0 = 0xB7;      
  00B3          +1   157     sfr IPH1 = 0xB3;      
  00B8          +1   158     sfr IPL0 = 0xB8;      
  00B2          +1   159     sfr IPL1 = 0xB2;      
                +1   160     
                +1   161     
                +1   162     
                +1   163     
  00AF          +1   164     sbit EA = 0xA8^7;
  00AE          +1   165     sbit EC = 0xA8^6;
  00AD          +1   166     sbit ET2 = 0xA8^5;
  00AC          +1   167     sbit ES = 0xA8^4;
  00AB          +1   168     sbit ET1 = 0xA8^3;
  00AA          +1   169     sbit EX1 = 0xA8^2;
  00A9          +1   170     sbit ET0 = 0xA8^1;
  00A8          +1   171     sbit EX0 = 0xA8^0;
                +1   172     
                +1   173     
                +1   174     
  00D8          +1   175     sfr CCON = 0xD8;      
  00D9          +1   176     sfr CMOD = 0xD9;      
  00F9          +1   177     sfr CH = 0xF9;        
  00E9          +1   178     sfr CL = 0xE9;        
  00FA          +1   179     sfr CCAP0H = 0xFA;   
  00EA          +1   180     sfr CCAP0L = 0xEA;   
  00DA          +1   181     sfr CCAPM0 = 0xDA;   
  00FB          +1   182     sfr CCAP1H = 0xFB;   
  00EB          +1   183     sfr CCAP1L = 0xEB;   
  00DB          +1   184     sfr CCAPM1 = 0xDB;   
  00FC          +1   185     sfr CCAP2H = 0xFC;   
  00EC          +1   186     sfr CCAP2L = 0xEC;   
  00DC          +1   187     sfr CCAPM2 = 0xDC;   
  00FD          +1   188     sfr CCAP3H = 0xFD;   
  00ED          +1   189     sfr CCAP3L = 0xED;   
A51 MACRO ASSEMBLER  STREETZ                                                              12/10/2018 15:35:16 PAGE     4

  00DD          +1   190     sfr CCAPM3 = 0xDD;   
  00FE          +1   191     sfr CCAP4H = 0xFE;   
  00EE          +1   192     sfr CCAP4L = 0xEE;   
  00DE          +1   193     sfr CCAPM4 = 0xDE;   
                +1   194     
  00DF          +1   195     sbit CF = 0xD8^7;
  00DE          +1   196     sbit CR = 0xD8^6;
                +1   197     
  00DC          +1   198     sbit CCF4 = 0xD8^4;
  00DB          +1   199     sbit CCF3 = 0xD8^3;
  00DA          +1   200     sbit CCF2 = 0xD8^2;
  00D9          +1   201     sbit CCF1 = 0xD8^1;
  00D8          +1   202     sbit CCF0 = 0xD8^0;
                +1   203     
                +1   204     
                +1   205     
  0093          +1   206     sfr SSCON = 0x93;
  0094          +1   207     sfr SSCS = 0x94;
  0095          +1   208     sfr SSDAT = 0x95;
  0096          +1   209     sfr SSADR = 0x96;
  00C0          +1   210     sfr PI2 = 0xC0; /* I2C port */
  00C1          +1   211     sbit PI2_1 = 0xC0^1;
  00C0          +1   212     sbit PI2_0 = 0xC0^0;
                +1   213     
                +1   214     
  0085          +1   215     sfr CKSEL = 0x85;
  0086          +1   216     sfr OSCCON = 0x86;
  0097          +1   217     sfr CKRL = 0x97;
                +1   218     
                +1   219     
  009C          +1   220     sfr KBLS = 0x9C;
  009D          +1   221     sfr KBE = 0x9D;
  009E          +1   222     sfr KBF = 0x9E;
                +1   223     
                +1   224     
                +1   225     
  008E          +1   226     sfr AUXR = 0x8E;
  00A2          +1   227     sfr AUXR1 = 0xA2;
                +1   228     
  00D1          +1   229     sfr FCON = 0xD1;
                +1   230     
                +1   231     
                +1   232     
                +1   233     
                +1   234     
                +1   235     
                +1   236     
                +1   237     
                +1   238     
                +1   239     
                     240     
                     241     
----                 242             CSEG            AT      0H
0000 804E            243             JMP             READY
                     244     
                     245             EXTRN           CODE(CONFIG_RS232,ENVIAR_RS232,RECEBER_RS232)
  00B5               246             SCROLL          EQU P3.5
  00B3               247             SETT            EQU P3.3
  0090               248             DSS             EQU P1
                     249     
0002 050CE504        250             TABLE:          DB 05H,0CH,0E5H,04H,15H,26H,0BCH,0CEH
0006 1526BCCE                
                     251     
000A                 252             JUMP_TABLE:
000A 01BF            253                             AJMP            OP_ADD 
000C 01AA            254                             AJMP            OP_OR 
A51 MACRO ASSEMBLER  STREETZ                                                              12/10/2018 15:35:16 PAGE     5

000E 01B2            255                             AJMP            OP_NOT 
0010 01B7            256                             AJMP            OP_XOR 
0012 01A2            257                             AJMP            OP_AND 
0014 01CA            258                             AJMP            OP_SUB
0016 01D5            259                             AJMP            OP_ROTL
0018 01DD            260                             AJMP            OP_ROTR
                     261     
                     262     
----                 263             CSEG            AT 50H
                     264     
0050                 265             READY:
0050 D292            266                             SETB            P1.2
0052 7590CF          267                             MOV             DSS,#0CFH
0055 120000   F      268                             LCALL           CONFIG_RS232
0058                 269                             L:
0058 30B313          270                             JNB             SETT,LEITURA
005B 30B502          271                             JNB                     SCROLL,ANTERIOR
005E 80F8            272                             SJMP            L
                     273     
0060                 274             ANTERIOR:
0060 20B5FD          275                             JB                      SCROLL,$
0063 30B5FD          276                             JNB                     SCROLL,$ 
0066 EB              277                             MOV             A,R3
0067 F8              278                             MOV                     R0,A
0068 12012E          279                             LCALL           SEND
006B E4              280                             CLR             A
006C 8019            281                             JMP             SELECT
                     282     
006E                 283             LEITURA:
006E 20B3FD          284                             JB                      SETT,$
0071 30B3FD          285                             JNB                     SETT,$ 
0074 E5A0            286                             MOV             A,P2
0076 FB              287                             MOV                     R3,A
0077 12012E          288                             LCALL           SEND
007A A8A0            289                             MOV             R0,P2
007C C2D7            290                             CLR                     cy
007E 8007            291                             SJMP            SELECT
                     292     
0080                 293             SETUP:
0080 900002          294                             MOV             DPTR, #TABLE
0083 93              295                             MOVC            A, @A+DPTR
0084 F590            296                             MOV             DSS,A
0086 22              297                             RET
                     298     
0087                 299             SELECT:
0087 EA              300                             MOV                     A,R2
0088 1180            301                             CALL            SETUP
008A 0A              302                             INC                     R2
008B BA0804          303                             CJNE            R2,#08H,BOTAO
008E 7A00            304                             MOV                     R2,#00H
0090 80F5            305                             SJMP            SELECT
                     306     
0092                 307             BOTAO:
0092 30B355          308                             JNB             SETT, SETUP1
0095 30B502          309                             JNB             SCROLL,L5
0098 80F8            310                             SJMP            BOTAO
009A                 311                             L5:
009A 20B5FD          312                             JB                      SCROLL,$
009D 30B5FD          313                             JNB                     SCROLL,$
00A0 80E5            314                             JMP SELECT 
                     315     
00A2                 316             OP_AND:
00A2 120103          317                             LCALL   OP2
00A5 E8              318                             MOV             A, R0
00A6 59              319                             ANL             A, R1
00A7 02011A          320                             LJMP            PROCESS
A51 MACRO ASSEMBLER  STREETZ                                                              12/10/2018 15:35:16 PAGE     6

                     321     
00AA                 322             OP_OR:
00AA 120103          323                             LCALL   OP2
00AD E8              324                             MOV             A, R0
00AE 49              325                             ORL             A, R1
00AF 02011A          326                             LJMP            PROCESS
                     327     
00B2                 328             OP_NOT:
00B2 E8              329                             MOV             A, R0
00B3 F4              330                             CPL             A
00B4 02011A          331                             LJMP            PROCESS
                     332     
00B7                 333             OP_XOR:
00B7 120103          334                             LCALL   OP2
00BA E8              335                             MOV             A, R0
00BB 69              336                             XRL             A,R1
00BC 02011A          337                             LJMP            PROCESS
                     338     
00BF                 339             OP_ADD:
00BF 120103          340                             LCALL   OP2
00C2 E8              341                             MOV             A, R0
00C3 29              342                             ADD             A, R1
00C4 20D71E          343                             JB                      cy,OVERFLOW
00C7 02011A          344                             LJMP            PROCESS
                     345     
00CA                 346             OP_SUB:
00CA 120103          347                             LCALL   OP2
00CD E8              348                             MOV             A, R0
00CE 99              349                             SUBB            A, R1
00CF 20D713          350                             JB                      cy,OVERFLOW
00D2 02011A          351                             LJMP            PROCESS
                     352     
00D5                 353             OP_ROTL:
00D5 E8              354                             MOV             A, R0
00D6 23              355                             RL                      A
00D7 20D70B          356                             JB                      cy,OVERFLOW
00DA 02011A          357                             LJMP            PROCESS
                     358     
00DD                 359             OP_ROTR:
00DD E8              360                             MOV             A, R0
00DE 03              361                             RR                      A
00DF 20D703          362                             JB                      cy,OVERFLOW
00E2 02011A          363                             LJMP            PROCESS
                     364     
00E5                 365             OVERFLOW:
00E5 C292            366                             CLR                     P1.2
00E7 02011A          367                             LJMP            PROCESS
                     368     
00EA                 369             SETUP1:
00EA 20B3FD          370                             JB                      SETT,$
00ED 30B3FD          371                             JNB             SETT,$
00F0 90000A          372                             MOV             DPTR, #JUMP_TABLE
00F3 11F8            373                             CALL            OP_SELECT
00F5 C2D7            374                             CLR                     cy
00F7 73              375                             JMP             @A+DPTR
                     376     
00F8                 377             OP_SELECT:
00F8 1A              378                             DEC                     R2
00F9 EA              379                             MOV                     A,R2
00FA 6006            380                             JZ                      L3
00FC E4              381                             CLR                     A
00FD                 382                             L2:
00FD 2402            383                             ADD                     A,#02H
00FF DAFC            384                             DJNZ            R2,L2
0101 22              385                             RET
0102                 386                             L3:
A51 MACRO ASSEMBLER  STREETZ                                                              12/10/2018 15:35:16 PAGE     7

0102 22              387                             RET
                     388     
0103                 389             OP2:
0103 759054          390                             MOV                     DSS,#054H 
0106 30B302          391                             JNB                     SETT,L8
0109 80F8            392                             SJMP            OP2
010B                 393                             L8:
010B 20B3FD          394                             JB                      SETT,$
010E 30B3FD          395                             JNB             SETT,$
0111 E5A0            396                             MOV             A,P2
0113 F9              397                             MOV             R1,A
0114 FB              398                             MOV                     R3,A
0115 12012E          399                             LCALL           SEND
0118 E4              400                             CLR                     A
0119 22              401                             RET
                     402     
011A                 403             PROCESS:
011A 759046          404                             MOV                     DSS,#046H
011D FB              405                             MOV                     R3,A
011E 312E            406                             CALL            SEND
0120                 407                             L6:
0120 30B302          408                             JNB                     SETT,L7
0123 80FB            409                             SJMP            L6
0125                 410                             L7:
0125 20B3FD          411                             JB                      SETT,$
0128 30B3FD          412                             JNB             SETT,$
012B 020050          413                             LJMP            READY
012E                 414             SEND:
012E EB              415                             MOV                     A,R3
012F 54F0            416                             ANL                     A,#0F0H
0131 C4              417                             SWAP            A
0132 3140            418                             CALL            HEX
0134 120000   F      419                             LCALL           ENVIAR_RS232
0137 EB              420                             MOV                     A,R3
0138 540F            421                             ANL                     A,#00FH
013A 3140            422                             CALL            HEX
013C 120000   F      423                             LCALL           ENVIAR_RS232
013F 22              424                             RET
                     425     
                     426     
0140                 427             HEX:
0140 B40A03          428                             CJNE            A,#00AH,H1
0143 7441            429                             MOV                     A,#041H
0145 22              430                             RET
0146                 431                             H1:
0146 B40B03          432                             CJNE            A,#00BH,H2
0149 7442            433                             MOV                     A,#042H
014B 22              434                             RET
014C                 435                             H2:
014C B40C03          436                             CJNE            A,#00CH,H3
014F 7443            437                             MOV                     A,#043H
0151 22              438                             RET
0152                 439                             H3:
0152 B40D03          440                             CJNE            A,#00DH,H4
0155 7444            441                             MOV                     A,#044H
0157 22              442                             RET
0158                 443                             H4:
0158 B40E03          444                             CJNE            A,#00EH,H5
015B 7445            445                             MOV                     A,#045H
015D 22              446                             RET
015E                 447                             H5:
015E B40F03          448                             CJNE            A,#00FH,H6
0161 7446            449                             MOV                     A,#046H
0163 22              450                             RET
0164                 451                             H6:
0164 2430            452                             ADD                     A,#30H
A51 MACRO ASSEMBLER  STREETZ                                                              12/10/2018 15:35:16 PAGE     8

0166 22              453                             RET
                     454     
                     455     END
A51 MACRO ASSEMBLER  STREETZ                                                              12/10/2018 15:35:16 PAGE     9

SYMBOL TABLE LISTING
------ ----- -------


N A M E             T Y P E  V A L U E   ATTRIBUTES

AC . . . . . . . .  B ADDR   00D0H.6 A   
ACC. . . . . . . .  D ADDR   00E0H   A   
ANTERIOR . . . . .  C ADDR   0060H   A   
AUXR . . . . . . .  D ADDR   008EH   A   
AUXR1. . . . . . .  D ADDR   00A2H   A   
B. . . . . . . . .  D ADDR   00F0H   A   
BDRCON . . . . . .  D ADDR   009BH   A   
BOTAO. . . . . . .  C ADDR   0092H   A   
BRL. . . . . . . .  D ADDR   009AH   A   
CCAP0H . . . . . .  D ADDR   00FAH   A   
CCAP0L . . . . . .  D ADDR   00EAH   A   
CCAP1H . . . . . .  D ADDR   00FBH   A   
CCAP1L . . . . . .  D ADDR   00EBH   A   
CCAP2H . . . . . .  D ADDR   00FCH   A   
CCAP2L . . . . . .  D ADDR   00ECH   A   
CCAP3H . . . . . .  D ADDR   00FDH   A   
CCAP3L . . . . . .  D ADDR   00EDH   A   
CCAP4H . . . . . .  D ADDR   00FEH   A   
CCAP4L . . . . . .  D ADDR   00EEH   A   
CCAPM0 . . . . . .  D ADDR   00DAH   A   
CCAPM1 . . . . . .  D ADDR   00DBH   A   
CCAPM2 . . . . . .  D ADDR   00DCH   A   
CCAPM3 . . . . . .  D ADDR   00DDH   A   
CCAPM4 . . . . . .  D ADDR   00DEH   A   
CCF0 . . . . . . .  B ADDR   00D8H.0 A   
CCF1 . . . . . . .  B ADDR   00D8H.1 A   
CCF2 . . . . . . .  B ADDR   00D8H.2 A   
CCF3 . . . . . . .  B ADDR   00D8H.3 A   
CCF4 . . . . . . .  B ADDR   00D8H.4 A   
CCON . . . . . . .  D ADDR   00D8H   A   
CF . . . . . . . .  B ADDR   00D8H.7 A   
CH . . . . . . . .  D ADDR   00F9H   A   
CKCON0 . . . . . .  D ADDR   008FH   A   
CKCON1 . . . . . .  D ADDR   00AFH   A   
CKRL . . . . . . .  D ADDR   0097H   A   
CKSEL. . . . . . .  D ADDR   0085H   A   
CL . . . . . . . .  D ADDR   00E9H   A   
CMOD . . . . . . .  D ADDR   00D9H   A   
CONFIG_RS232 . . .  C ADDR   -----       EXT
CP_RL2 . . . . . .  B ADDR   00C8H.0 A   
CR . . . . . . . .  B ADDR   00D8H.6 A   
CY . . . . . . . .  B ADDR   00D0H.7 A   
C_T2 . . . . . . .  B ADDR   00C8H.1 A   
DPH. . . . . . . .  D ADDR   0083H   A   
DPL. . . . . . . .  D ADDR   0082H   A   
DSS. . . . . . . .  D ADDR   0090H   A   
EA . . . . . . . .  B ADDR   00A8H.7 A   
EC . . . . . . . .  B ADDR   00A8H.6 A   
ENVIAR_RS232 . . .  C ADDR   -----       EXT
ES . . . . . . . .  B ADDR   00A8H.4 A   
ET0. . . . . . . .  B ADDR   00A8H.1 A   
ET1. . . . . . . .  B ADDR   00A8H.3 A   
ET2. . . . . . . .  B ADDR   00A8H.5 A   
EX0. . . . . . . .  B ADDR   00A8H.0 A   
EX1. . . . . . . .  B ADDR   00A8H.2 A   
EXEN2. . . . . . .  B ADDR   00C8H.3 A   
EXF2 . . . . . . .  B ADDR   00C8H.6 A   
F0 . . . . . . . .  B ADDR   00D0H.5 A   
FCON . . . . . . .  D ADDR   00D1H   A   
FE . . . . . . . .  B ADDR   0098H.7 A   
A51 MACRO ASSEMBLER  STREETZ                                                              12/10/2018 15:35:16 PAGE    10

H1 . . . . . . . .  C ADDR   0146H   A   
H2 . . . . . . . .  C ADDR   014CH   A   
H3 . . . . . . . .  C ADDR   0152H   A   
H4 . . . . . . . .  C ADDR   0158H   A   
H5 . . . . . . . .  C ADDR   015EH   A   
H6 . . . . . . . .  C ADDR   0164H   A   
HEX. . . . . . . .  C ADDR   0140H   A   
IE0. . . . . . . .  B ADDR   0088H.1 A   
IE1. . . . . . . .  B ADDR   0088H.3 A   
IEN0 . . . . . . .  D ADDR   00A8H   A   
IEN1 . . . . . . .  D ADDR   00B1H   A   
INT0 . . . . . . .  B ADDR   00B0H.2 A   
INT1 . . . . . . .  B ADDR   00B0H.3 A   
IPH0 . . . . . . .  D ADDR   00B7H   A   
IPH1 . . . . . . .  D ADDR   00B3H   A   
IPL0 . . . . . . .  D ADDR   00B8H   A   
IPL1 . . . . . . .  D ADDR   00B2H   A   
IT0. . . . . . . .  B ADDR   0088H.0 A   
IT1. . . . . . . .  B ADDR   0088H.2 A   
JUMP_TABLE . . . .  C ADDR   000AH   A   
KBE. . . . . . . .  D ADDR   009DH   A   
KBF. . . . . . . .  D ADDR   009EH   A   
KBLS . . . . . . .  D ADDR   009CH   A   
L. . . . . . . . .  C ADDR   0058H   A   
L2 . . . . . . . .  C ADDR   00FDH   A   
L3 . . . . . . . .  C ADDR   0102H   A   
L5 . . . . . . . .  C ADDR   009AH   A   
L6 . . . . . . . .  C ADDR   0120H   A   
L7 . . . . . . . .  C ADDR   0125H   A   
L8 . . . . . . . .  C ADDR   010BH   A   
LEITURA. . . . . .  C ADDR   006EH   A   
OP2. . . . . . . .  C ADDR   0103H   A   
OP_ADD . . . . . .  C ADDR   00BFH   A   
OP_AND . . . . . .  C ADDR   00A2H   A   
OP_NOT . . . . . .  C ADDR   00B2H   A   
OP_OR. . . . . . .  C ADDR   00AAH   A   
OP_ROTL. . . . . .  C ADDR   00D5H   A   
OP_ROTR. . . . . .  C ADDR   00DDH   A   
OP_SELECT. . . . .  C ADDR   00F8H   A   
OP_SUB . . . . . .  C ADDR   00CAH   A   
OP_XOR . . . . . .  C ADDR   00B7H   A   
OSCCON . . . . . .  D ADDR   0086H   A   
OV . . . . . . . .  B ADDR   00D0H.2 A   
OVERFLOW . . . . .  C ADDR   00E5H   A   
P. . . . . . . . .  B ADDR   00D0H.0 A   
P0 . . . . . . . .  D ADDR   0080H   A   
P0_0 . . . . . . .  B ADDR   0080H.0 A   
P0_1 . . . . . . .  B ADDR   0080H.1 A   
P0_2 . . . . . . .  B ADDR   0080H.2 A   
P0_3 . . . . . . .  B ADDR   0080H.3 A   
P0_4 . . . . . . .  B ADDR   0080H.4 A   
P0_5 . . . . . . .  B ADDR   0080H.5 A   
P0_6 . . . . . . .  B ADDR   0080H.6 A   
P0_7 . . . . . . .  B ADDR   0080H.7 A   
P1 . . . . . . . .  D ADDR   0090H   A   
P1_0 . . . . . . .  B ADDR   0090H.0 A   
P1_1 . . . . . . .  B ADDR   0090H.1 A   
P1_2 . . . . . . .  B ADDR   0090H.2 A   
P1_3 . . . . . . .  B ADDR   0090H.3 A   
P1_4 . . . . . . .  B ADDR   0090H.4 A   
P1_5 . . . . . . .  B ADDR   0090H.5 A   
P1_6 . . . . . . .  B ADDR   0090H.6 A   
P1_7 . . . . . . .  B ADDR   0090H.7 A   
P2 . . . . . . . .  D ADDR   00A0H   A   
P2_0 . . . . . . .  B ADDR   00A0H.0 A   
P2_1 . . . . . . .  B ADDR   00A0H.1 A   
A51 MACRO ASSEMBLER  STREETZ                                                              12/10/2018 15:35:16 PAGE    11

P2_2 . . . . . . .  B ADDR   00A0H.2 A   
P2_3 . . . . . . .  B ADDR   00A0H.3 A   
P2_4 . . . . . . .  B ADDR   00A0H.4 A   
P2_5 . . . . . . .  B ADDR   00A0H.5 A   
P2_6 . . . . . . .  B ADDR   00A0H.6 A   
P2_7 . . . . . . .  B ADDR   00A0H.7 A   
P3 . . . . . . . .  D ADDR   00B0H   A   
P3_0 . . . . . . .  B ADDR   00B0H.0 A   
P3_1 . . . . . . .  B ADDR   00B0H.1 A   
P3_2 . . . . . . .  B ADDR   00B0H.2 A   
P3_3 . . . . . . .  B ADDR   00B0H.3 A   
P3_4 . . . . . . .  B ADDR   00B0H.4 A   
P3_5 . . . . . . .  B ADDR   00B0H.5 A   
P3_6 . . . . . . .  B ADDR   00B0H.6 A   
P3_7 . . . . . . .  B ADDR   00B0H.7 A   
P4 . . . . . . . .  D ADDR   00C0H   A   
PCON . . . . . . .  D ADDR   0087H   A   
PI2. . . . . . . .  D ADDR   00C0H   A   
PI2_0. . . . . . .  B ADDR   00C0H.0 A   
PI2_1. . . . . . .  B ADDR   00C0H.1 A   
PROCESS. . . . . .  C ADDR   011AH   A   
PSW. . . . . . . .  D ADDR   00D0H   A   
RB8. . . . . . . .  B ADDR   0098H.2 A   
RCAP2H . . . . . .  D ADDR   00CBH   A   
RCAP2L . . . . . .  D ADDR   00CAH   A   
RCLK . . . . . . .  B ADDR   00C8H.5 A   
RD . . . . . . . .  B ADDR   00B0H.7 A   
READY. . . . . . .  C ADDR   0050H   A   
RECEBER_RS232. . .  C ADDR   -----       EXT
REN. . . . . . . .  B ADDR   0098H.4 A   
RI . . . . . . . .  B ADDR   0098H.0 A   
RS0. . . . . . . .  B ADDR   00D0H.3 A   
RS1. . . . . . . .  B ADDR   00D0H.4 A   
RXD. . . . . . . .  B ADDR   00B0H.0 A   
SADDR. . . . . . .  D ADDR   00A9H   A   
SADEN. . . . . . .  D ADDR   00B9H   A   
SBUF . . . . . . .  D ADDR   0099H   A   
SCON . . . . . . .  D ADDR   0098H   A   
SCROLL . . . . . .  B ADDR   00B0H.5 A   
SELECT . . . . . .  C ADDR   0087H   A   
SEND . . . . . . .  C ADDR   012EH   A   
SETT . . . . . . .  B ADDR   00B0H.3 A   
SETUP. . . . . . .  C ADDR   0080H   A   
SETUP1 . . . . . .  C ADDR   00EAH   A   
SM0. . . . . . . .  B ADDR   0098H.7 A   
SM1. . . . . . . .  B ADDR   0098H.6 A   
SM2. . . . . . . .  B ADDR   0098H.5 A   
SP . . . . . . . .  D ADDR   0081H   A   
SSADR. . . . . . .  D ADDR   0096H   A   
SSCON. . . . . . .  D ADDR   0093H   A   
SSCS . . . . . . .  D ADDR   0094H   A   
SSDAT. . . . . . .  D ADDR   0095H   A   
T0 . . . . . . . .  B ADDR   00B0H.4 A   
T1 . . . . . . . .  B ADDR   00B0H.5 A   
T2CON. . . . . . .  D ADDR   00C8H   A   
T2MOD. . . . . . .  D ADDR   00C9H   A   
TABLE. . . . . . .  C ADDR   0002H   A   
TB8. . . . . . . .  B ADDR   0098H.3 A   
TCLK . . . . . . .  B ADDR   00C8H.4 A   
TCON . . . . . . .  D ADDR   0088H   A   
TF0. . . . . . . .  B ADDR   0088H.5 A   
TF1. . . . . . . .  B ADDR   0088H.7 A   
TF2. . . . . . . .  B ADDR   00C8H.7 A   
TH0. . . . . . . .  D ADDR   008CH   A   
TH1. . . . . . . .  D ADDR   008DH   A   
TH2. . . . . . . .  D ADDR   00CDH   A   
A51 MACRO ASSEMBLER  STREETZ                                                              12/10/2018 15:35:16 PAGE    12

TI . . . . . . . .  B ADDR   0098H.1 A   
TL0. . . . . . . .  D ADDR   008AH   A   
TL1. . . . . . . .  D ADDR   008BH   A   
TL2. . . . . . . .  D ADDR   00CCH   A   
TMOD . . . . . . .  D ADDR   0089H   A   
TR0. . . . . . . .  B ADDR   0088H.4 A   
TR1. . . . . . . .  B ADDR   0088H.6 A   
TR2. . . . . . . .  B ADDR   00C8H.2 A   
TXD. . . . . . . .  B ADDR   00B0H.1 A   
UD . . . . . . . .  B ADDR   00D0H.1 A   
WDTPRG . . . . . .  D ADDR   00A7H   A   
WDTRST . . . . . .  D ADDR   00A6H   A   
WR . . . . . . . .  B ADDR   00B0H.6 A   


REGISTER BANK(S) USED: 0 


ASSEMBLY COMPLETE.  0 WARNING(S), 0 ERROR(S)
