A51 MACRO ASSEMBLER  STREETZ                                                              11/19/2018 18:51:02 PAGE     1


MACRO ASSEMBLER A51 V8.2.7.0
OBJECT MODULE PLACED IN .\Objects\streetz.obj
ASSEMBLER INVOKED BY: C:\Program Files\C51\BIN\A51.EXE streetz.a51 NOMOD51 SET(SMALL) DEBUG PRINT(.\Listings\streetz.lst
                      ) OBJECT(.\Objects\streetz.obj) EP

LOC  OBJ            LINE     SOURCE

                       1     ;#include <at89C51ic2.h>
                +1     2     
                +1     3     
                +1     4     
                +1     5     
                +1     6     
                +1     7     
                +1     8     
                +1     9     
                +1    10     
                +1    11     
                +1    12     
                +1    13     
                +1    14     
                +1    15     
                +1    16     
                +1    17     
  0080          +1    18     sfr P0 = 0x80;        
                +1    19     
  0087          +1    20     sbit P0_7 = 0x80^7;
  0086          +1    21     sbit P0_6 = 0x80^6;
  0085          +1    22     sbit P0_5 = 0x80^5;
  0084          +1    23     sbit P0_4 = 0x80^4;
  0083          +1    24     sbit P0_3 = 0x80^3;
  0082          +1    25     sbit P0_2 = 0x80^2;
  0081          +1    26     sbit P0_1 = 0x80^1;
  0080          +1    27     sbit P0_0 = 0x80^0;
                +1    28     
  0090          +1    29     sfr P1 = 0x90;        
                +1    30     
  0097          +1    31     sbit P1_7 = 0x90^7;
  0096          +1    32     sbit P1_6 = 0x90^6;
  0095          +1    33     sbit P1_5 = 0x90^5;
  0094          +1    34     sbit P1_4 = 0x90^4;
  0093          +1    35     sbit P1_3 = 0x90^3;
  0092          +1    36     sbit P1_2 = 0x90^2;
  0091          +1    37     sbit P1_1 = 0x90^1;
  0090          +1    38     sbit P1_0 = 0x90^0;
                +1    39     
                +1    40     
                +1    41     
  00A0          +1    42     sfr P2 = 0xA0; 
  00A7          +1    43     sbit P2_7 = 0xA0^7;
  00A6          +1    44     sbit P2_6 = 0xA0^6;
  00A5          +1    45     sbit P2_5 = 0xA0^5;
  00A4          +1    46     sbit P2_4 = 0xA0^4;
  00A3          +1    47     sbit P2_3 = 0xA0^3;
  00A2          +1    48     sbit P2_2 = 0xA0^2;
  00A1          +1    49     sbit P2_1 = 0xA0^1;
  00A0          +1    50     sbit P2_0 = 0xA0^0;
                +1    51     
                +1    52            
  00B0          +1    53     sfr P3 = 0xB0;        
                +1    54     
  00B7          +1    55     sbit P3_7 = 0xB0^7;
  00B6          +1    56     sbit P3_6 = 0xB0^6;
  00B5          +1    57     sbit P3_5 = 0xB0^5;
A51 MACRO ASSEMBLER  STREETZ                                                              11/19/2018 18:51:02 PAGE     2

  00B4          +1    58     sbit P3_4 = 0xB0^4;
  00B3          +1    59     sbit P3_3 = 0xB0^3;
  00B2          +1    60     sbit P3_2 = 0xB0^2;
  00B1          +1    61     sbit P3_1 = 0xB0^1;
  00B0          +1    62     sbit P3_0 = 0xB0^0;
                +1    63     
  00B7          +1    64     sbit RD = 0xB0^7;
  00B6          +1    65     sbit WR = 0xB0^6;
  00B5          +1    66     sbit T1 = 0xB0^5;
  00B4          +1    67     sbit T0 = 0xB0^4;
  00B3          +1    68     sbit INT1 = 0xB0^3;
  00B2          +1    69     sbit INT0 = 0xB0^2;
  00B1          +1    70     sbit TXD = 0xB0^1;
  00B0          +1    71     sbit RXD = 0xB0^0;
                +1    72     
  00C0          +1    73     sfr P4 = 0xC0;  /* => PI2 */      
  00D0          +1    74     sfr PSW = 0xD0;       
                +1    75     
  00D7          +1    76     sbit CY = 0xD0^7;
  00D6          +1    77     sbit AC = 0xD0^6;
  00D5          +1    78     sbit F0 = 0xD0^5;
  00D4          +1    79     sbit RS1 = 0xD0^4;
  00D3          +1    80     sbit RS0 = 0xD0^3;
  00D2          +1    81     sbit OV = 0xD0^2;
  00D1          +1    82     sbit UD = 0xD0^1;
  00D0          +1    83     sbit P = 0xD0^0;
                +1    84     
  00E0          +1    85     sfr ACC = 0xE0;       
  00F0          +1    86     sfr B = 0xF0; 
  0081          +1    87     sfr SP = 0x81;        
  0082          +1    88     sfr DPL = 0x82;       
  0083          +1    89     sfr DPH = 0x83;       
                +1    90     
  0087          +1    91     sfr PCON = 0x87;      
  008F          +1    92     sfr CKCON0 = 0x8F;     
  00AF          +1    93     sfr CKCON1 = 0xAF;
                +1    94     
                +1    95     
  0088          +1    96     sfr TCON = 0x88;
  008F          +1    97     sbit TF1 = 0x88^7;
  008E          +1    98     sbit TR1 = 0x88^6;
  008D          +1    99     sbit TF0 = 0x88^5;
  008C          +1   100     sbit TR0 = 0x88^4;
  008B          +1   101     sbit IE1 = 0x88^3;
  008A          +1   102     sbit IT1 = 0x88^2;
  0089          +1   103     sbit IE0 = 0x88^1;
  0088          +1   104     sbit IT0 = 0x88^0;
                +1   105             
  0089          +1   106     sfr TMOD = 0x89;      
                +1   107     
  00C8          +1   108     sfr T2CON = 0xC8;
  00CF          +1   109     sbit TF2 = 0xC8^7;
  00CE          +1   110     sbit EXF2 = 0xC8^6;
  00CD          +1   111     sbit RCLK = 0xC8^5;
  00CC          +1   112     sbit TCLK = 0xC8^4;
  00CB          +1   113     sbit EXEN2 = 0xC8^3;
  00CA          +1   114     sbit TR2 = 0xC8^2;
  00C9          +1   115     sbit C_T2 = 0xC8^1;
  00C8          +1   116     sbit CP_RL2 = 0xC8^0;
                +1   117             
  00C9          +1   118     sfr T2MOD = 0xC9;     
  008A          +1   119     sfr TL0 = 0x8A;       
  008B          +1   120     sfr TL1 = 0x8B;       
  00CC          +1   121     sfr TL2 = 0xCC;       
  008C          +1   122     sfr TH0 = 0x8C;       
  008D          +1   123     sfr TH1 = 0x8D;       
A51 MACRO ASSEMBLER  STREETZ                                                              11/19/2018 18:51:02 PAGE     3

  00CD          +1   124     sfr TH2 = 0xCD;       
  00CA          +1   125     sfr RCAP2L = 0xCA;    
  00CB          +1   126     sfr RCAP2H = 0xCB;    
  00A6          +1   127     sfr WDTRST = 0xA6;    
  00A7          +1   128     sfr WDTPRG = 0xA7;    
                +1   129     
                +1   130     
                +1   131     
  0098          +1   132     sfr SCON = 0x98;      
  009F          +1   133     sbit SM0 = 0x98^7;
  009F          +1   134     sbit FE = 0x98^7;
  009E          +1   135     sbit SM1 = 0x98^6;
  009D          +1   136     sbit SM2 = 0x98^5;
  009C          +1   137     sbit REN = 0x98^4;
  009B          +1   138     sbit TB8 = 0x98^3;
  009A          +1   139     sbit RB8 = 0x98^2;
  0099          +1   140     sbit TI = 0x98^1;
  0098          +1   141     sbit RI = 0x98^0;
                +1   142     
  0099          +1   143     sfr SBUF = 0x99;      
  00B9          +1   144     sfr SADEN = 0xB9;     
  00A9          +1   145     sfr SADDR = 0xA9;     
                +1   146     
                +1   147     
  009A          +1   148     sfr BRL = 0x9A;      
  009B          +1   149     sfr BDRCON = 0x9B;      
                +1   150     
                +1   151     
                +1   152     
                +1   153     
  00A8          +1   154     sfr IEN0 = 0xA8;      
  00B1          +1   155     sfr IEN1 = 0xB1;      
  00B7          +1   156     sfr IPH0 = 0xB7;      
  00B3          +1   157     sfr IPH1 = 0xB3;      
  00B8          +1   158     sfr IPL0 = 0xB8;      
  00B2          +1   159     sfr IPL1 = 0xB2;      
                +1   160     
                +1   161     
                +1   162     
                +1   163     
  00AF          +1   164     sbit EA = 0xA8^7;
  00AE          +1   165     sbit EC = 0xA8^6;
  00AD          +1   166     sbit ET2 = 0xA8^5;
  00AC          +1   167     sbit ES = 0xA8^4;
  00AB          +1   168     sbit ET1 = 0xA8^3;
  00AA          +1   169     sbit EX1 = 0xA8^2;
  00A9          +1   170     sbit ET0 = 0xA8^1;
  00A8          +1   171     sbit EX0 = 0xA8^0;
                +1   172     
                +1   173     
                +1   174     
  00D8          +1   175     sfr CCON = 0xD8;      
  00D9          +1   176     sfr CMOD = 0xD9;      
  00F9          +1   177     sfr CH = 0xF9;        
  00E9          +1   178     sfr CL = 0xE9;        
  00FA          +1   179     sfr CCAP0H = 0xFA;   
  00EA          +1   180     sfr CCAP0L = 0xEA;   
  00DA          +1   181     sfr CCAPM0 = 0xDA;   
  00FB          +1   182     sfr CCAP1H = 0xFB;   
  00EB          +1   183     sfr CCAP1L = 0xEB;   
  00DB          +1   184     sfr CCAPM1 = 0xDB;   
  00FC          +1   185     sfr CCAP2H = 0xFC;   
  00EC          +1   186     sfr CCAP2L = 0xEC;   
  00DC          +1   187     sfr CCAPM2 = 0xDC;   
  00FD          +1   188     sfr CCAP3H = 0xFD;   
  00ED          +1   189     sfr CCAP3L = 0xED;   
A51 MACRO ASSEMBLER  STREETZ                                                              11/19/2018 18:51:02 PAGE     4

  00DD          +1   190     sfr CCAPM3 = 0xDD;   
  00FE          +1   191     sfr CCAP4H = 0xFE;   
  00EE          +1   192     sfr CCAP4L = 0xEE;   
  00DE          +1   193     sfr CCAPM4 = 0xDE;   
                +1   194     
  00DF          +1   195     sbit CF = 0xD8^7;
  00DE          +1   196     sbit CR = 0xD8^6;
                +1   197     
  00DC          +1   198     sbit CCF4 = 0xD8^4;
  00DB          +1   199     sbit CCF3 = 0xD8^3;
  00DA          +1   200     sbit CCF2 = 0xD8^2;
  00D9          +1   201     sbit CCF1 = 0xD8^1;
  00D8          +1   202     sbit CCF0 = 0xD8^0;
                +1   203     
                +1   204     
                +1   205     
  0093          +1   206     sfr SSCON = 0x93;
  0094          +1   207     sfr SSCS = 0x94;
  0095          +1   208     sfr SSDAT = 0x95;
  0096          +1   209     sfr SSADR = 0x96;
  00C0          +1   210     sfr PI2 = 0xC0; /* I2C port */
  00C1          +1   211     sbit PI2_1 = 0xC0^1;
  00C0          +1   212     sbit PI2_0 = 0xC0^0;
                +1   213     
                +1   214     
  0085          +1   215     sfr CKSEL = 0x85;
  0086          +1   216     sfr OSCCON = 0x86;
  0097          +1   217     sfr CKRL = 0x97;
                +1   218     
                +1   219     
  009C          +1   220     sfr KBLS = 0x9C;
  009D          +1   221     sfr KBE = 0x9D;
  009E          +1   222     sfr KBF = 0x9E;
                +1   223     
                +1   224     
                +1   225     
  008E          +1   226     sfr AUXR = 0x8E;
  00A2          +1   227     sfr AUXR1 = 0xA2;
                +1   228     
  00D1          +1   229     sfr FCON = 0xD1;
                +1   230     
                +1   231     
                +1   232     
                +1   233     
                +1   234     
                +1   235     
                +1   236     
                +1   237     
                +1   238     
                +1   239     
                     240     
                     241     
----                 242             CSEG    AT      0H
0000 020030          243             LJMP            SETUP
----                 244             CSEG    AT      30H
                     245     
0030                 246     SETUP:
0030 7830            247             MOV R0,#030H
0032 7A80            248             MOV R2,#080H
0034 7BA0            249             MOV R3,#0A0H
0036                 250             MAIN:
0036 E6              251             MOV A,@R0  
0037 75F002          252             MOV B,#02H
003A 84              253             DIV AB
003B E5F0            254             MOV A,B
003D 24FF            255             add A,#0FFH
A51 MACRO ASSEMBLER  STREETZ                                                              11/19/2018 18:51:02 PAGE     5

003F                 256             jb CY,overflow
*** _______________________________________^
*** ERROR #A45 IN 256 (streetz.a51, LINE 17): UNDEFINED SYMBOL (PASS-2)
0042 7002            257             JNZ IMPARES
0044 800A            258             JMP PARES
                     259             
0046                 260     IMPARES:
0046 E6              261         MOV  A,@R0
0047 8BF0            262             MOV      B,R3
0049 A9F0            263             MOV  R1,B
004B F7              264             MOV  @R1,A
004C 0B              265             INC  R3
004D 08              266             INC  R0
004E 800A            267             JMP  VERIFICACAO
                     268             
0050                 269     PARES:
0050 E6              270             MOV  A,@R0
0051 8AF0            271             MOV      B,R2
0053 A9F0            272             MOV  R1,B
0055 F7              273             MOV  @R1,A
0056 0A              274             INC  R2
0057 08              275             INC  R0
0058 8000            276             JMP  VERIFICACAO
                     277     
005A                 278     VERIFICACAO:
005A B844D9          279             CJNE R0,#44H,MAIN
                     280             
                     281     END
                             
                             
                             
                             
                             
                             
                             
                             
                             
                             
                             
                             
                             
                             
                             
                             
                             
                             
                             
                             
                             
                             
                             
                             
                             
                             
                             
A51 MACRO ASSEMBLER  STREETZ                                                              11/19/2018 18:51:02 PAGE     6

SYMBOL TABLE LISTING
------ ----- -------


N A M E             T Y P E  V A L U E   ATTRIBUTES

AC . . . . . . . .  B ADDR   00D0H.6 A   
ACC. . . . . . . .  D ADDR   00E0H   A   
AUXR . . . . . . .  D ADDR   008EH   A   
AUXR1. . . . . . .  D ADDR   00A2H   A   
B. . . . . . . . .  D ADDR   00F0H   A   
BDRCON . . . . . .  D ADDR   009BH   A   
BRL. . . . . . . .  D ADDR   009AH   A   
CCAP0H . . . . . .  D ADDR   00FAH   A   
CCAP0L . . . . . .  D ADDR   00EAH   A   
CCAP1H . . . . . .  D ADDR   00FBH   A   
CCAP1L . . . . . .  D ADDR   00EBH   A   
CCAP2H . . . . . .  D ADDR   00FCH   A   
CCAP2L . . . . . .  D ADDR   00ECH   A   
CCAP3H . . . . . .  D ADDR   00FDH   A   
CCAP3L . . . . . .  D ADDR   00EDH   A   
CCAP4H . . . . . .  D ADDR   00FEH   A   
CCAP4L . . . . . .  D ADDR   00EEH   A   
CCAPM0 . . . . . .  D ADDR   00DAH   A   
CCAPM1 . . . . . .  D ADDR   00DBH   A   
CCAPM2 . . . . . .  D ADDR   00DCH   A   
CCAPM3 . . . . . .  D ADDR   00DDH   A   
CCAPM4 . . . . . .  D ADDR   00DEH   A   
CCF0 . . . . . . .  B ADDR   00D8H.0 A   
CCF1 . . . . . . .  B ADDR   00D8H.1 A   
CCF2 . . . . . . .  B ADDR   00D8H.2 A   
CCF3 . . . . . . .  B ADDR   00D8H.3 A   
CCF4 . . . . . . .  B ADDR   00D8H.4 A   
CCON . . . . . . .  D ADDR   00D8H   A   
CF . . . . . . . .  B ADDR   00D8H.7 A   
CH . . . . . . . .  D ADDR   00F9H   A   
CKCON0 . . . . . .  D ADDR   008FH   A   
CKCON1 . . . . . .  D ADDR   00AFH   A   
CKRL . . . . . . .  D ADDR   0097H   A   
CKSEL. . . . . . .  D ADDR   0085H   A   
CL . . . . . . . .  D ADDR   00E9H   A   
CMOD . . . . . . .  D ADDR   00D9H   A   
CP_RL2 . . . . . .  B ADDR   00C8H.0 A   
CR . . . . . . . .  B ADDR   00D8H.6 A   
CY . . . . . . . .  B ADDR   00D0H.7 A   
C_T2 . . . . . . .  B ADDR   00C8H.1 A   
DPH. . . . . . . .  D ADDR   0083H   A   
DPL. . . . . . . .  D ADDR   0082H   A   
EA . . . . . . . .  B ADDR   00A8H.7 A   
EC . . . . . . . .  B ADDR   00A8H.6 A   
ES . . . . . . . .  B ADDR   00A8H.4 A   
ET0. . . . . . . .  B ADDR   00A8H.1 A   
ET1. . . . . . . .  B ADDR   00A8H.3 A   
ET2. . . . . . . .  B ADDR   00A8H.5 A   
EX0. . . . . . . .  B ADDR   00A8H.0 A   
EX1. . . . . . . .  B ADDR   00A8H.2 A   
EXEN2. . . . . . .  B ADDR   00C8H.3 A   
EXF2 . . . . . . .  B ADDR   00C8H.6 A   
F0 . . . . . . . .  B ADDR   00D0H.5 A   
FCON . . . . . . .  D ADDR   00D1H   A   
FE . . . . . . . .  B ADDR   0098H.7 A   
IE0. . . . . . . .  B ADDR   0088H.1 A   
IE1. . . . . . . .  B ADDR   0088H.3 A   
IEN0 . . . . . . .  D ADDR   00A8H   A   
IEN1 . . . . . . .  D ADDR   00B1H   A   
IMPARES. . . . . .  C ADDR   0046H   A   
A51 MACRO ASSEMBLER  STREETZ                                                              11/19/2018 18:51:02 PAGE     7

INT0 . . . . . . .  B ADDR   00B0H.2 A   
INT1 . . . . . . .  B ADDR   00B0H.3 A   
IPH0 . . . . . . .  D ADDR   00B7H   A   
IPH1 . . . . . . .  D ADDR   00B3H   A   
IPL0 . . . . . . .  D ADDR   00B8H   A   
IPL1 . . . . . . .  D ADDR   00B2H   A   
IT0. . . . . . . .  B ADDR   0088H.0 A   
IT1. . . . . . . .  B ADDR   0088H.2 A   
KBE. . . . . . . .  D ADDR   009DH   A   
KBF. . . . . . . .  D ADDR   009EH   A   
KBLS . . . . . . .  D ADDR   009CH   A   
MAIN . . . . . . .  C ADDR   0036H   A   
OSCCON . . . . . .  D ADDR   0086H   A   
OV . . . . . . . .  B ADDR   00D0H.2 A   
OVERFLOW . . . . .    ----   -----       
P. . . . . . . . .  B ADDR   00D0H.0 A   
P0 . . . . . . . .  D ADDR   0080H   A   
P0_0 . . . . . . .  B ADDR   0080H.0 A   
P0_1 . . . . . . .  B ADDR   0080H.1 A   
P0_2 . . . . . . .  B ADDR   0080H.2 A   
P0_3 . . . . . . .  B ADDR   0080H.3 A   
P0_4 . . . . . . .  B ADDR   0080H.4 A   
P0_5 . . . . . . .  B ADDR   0080H.5 A   
P0_6 . . . . . . .  B ADDR   0080H.6 A   
P0_7 . . . . . . .  B ADDR   0080H.7 A   
P1 . . . . . . . .  D ADDR   0090H   A   
P1_0 . . . . . . .  B ADDR   0090H.0 A   
P1_1 . . . . . . .  B ADDR   0090H.1 A   
P1_2 . . . . . . .  B ADDR   0090H.2 A   
P1_3 . . . . . . .  B ADDR   0090H.3 A   
P1_4 . . . . . . .  B ADDR   0090H.4 A   
P1_5 . . . . . . .  B ADDR   0090H.5 A   
P1_6 . . . . . . .  B ADDR   0090H.6 A   
P1_7 . . . . . . .  B ADDR   0090H.7 A   
P2 . . . . . . . .  D ADDR   00A0H   A   
P2_0 . . . . . . .  B ADDR   00A0H.0 A   
P2_1 . . . . . . .  B ADDR   00A0H.1 A   
P2_2 . . . . . . .  B ADDR   00A0H.2 A   
P2_3 . . . . . . .  B ADDR   00A0H.3 A   
P2_4 . . . . . . .  B ADDR   00A0H.4 A   
P2_5 . . . . . . .  B ADDR   00A0H.5 A   
P2_6 . . . . . . .  B ADDR   00A0H.6 A   
P2_7 . . . . . . .  B ADDR   00A0H.7 A   
P3 . . . . . . . .  D ADDR   00B0H   A   
P3_0 . . . . . . .  B ADDR   00B0H.0 A   
P3_1 . . . . . . .  B ADDR   00B0H.1 A   
P3_2 . . . . . . .  B ADDR   00B0H.2 A   
P3_3 . . . . . . .  B ADDR   00B0H.3 A   
P3_4 . . . . . . .  B ADDR   00B0H.4 A   
P3_5 . . . . . . .  B ADDR   00B0H.5 A   
P3_6 . . . . . . .  B ADDR   00B0H.6 A   
P3_7 . . . . . . .  B ADDR   00B0H.7 A   
P4 . . . . . . . .  D ADDR   00C0H   A   
PARES. . . . . . .  C ADDR   0050H   A   
PCON . . . . . . .  D ADDR   0087H   A   
PI2. . . . . . . .  D ADDR   00C0H   A   
PI2_0. . . . . . .  B ADDR   00C0H.0 A   
PI2_1. . . . . . .  B ADDR   00C0H.1 A   
PSW. . . . . . . .  D ADDR   00D0H   A   
RB8. . . . . . . .  B ADDR   0098H.2 A   
RCAP2H . . . . . .  D ADDR   00CBH   A   
RCAP2L . . . . . .  D ADDR   00CAH   A   
RCLK . . . . . . .  B ADDR   00C8H.5 A   
RD . . . . . . . .  B ADDR   00B0H.7 A   
REN. . . . . . . .  B ADDR   0098H.4 A   
RI . . . . . . . .  B ADDR   0098H.0 A   
A51 MACRO ASSEMBLER  STREETZ                                                              11/19/2018 18:51:02 PAGE     8

RS0. . . . . . . .  B ADDR   00D0H.3 A   
RS1. . . . . . . .  B ADDR   00D0H.4 A   
RXD. . . . . . . .  B ADDR   00B0H.0 A   
SADDR. . . . . . .  D ADDR   00A9H   A   
SADEN. . . . . . .  D ADDR   00B9H   A   
SBUF . . . . . . .  D ADDR   0099H   A   
SCON . . . . . . .  D ADDR   0098H   A   
SETUP. . . . . . .  C ADDR   0030H   A   
SM0. . . . . . . .  B ADDR   0098H.7 A   
SM1. . . . . . . .  B ADDR   0098H.6 A   
SM2. . . . . . . .  B ADDR   0098H.5 A   
SP . . . . . . . .  D ADDR   0081H   A   
SSADR. . . . . . .  D ADDR   0096H   A   
SSCON. . . . . . .  D ADDR   0093H   A   
SSCS . . . . . . .  D ADDR   0094H   A   
SSDAT. . . . . . .  D ADDR   0095H   A   
T0 . . . . . . . .  B ADDR   00B0H.4 A   
T1 . . . . . . . .  B ADDR   00B0H.5 A   
T2CON. . . . . . .  D ADDR   00C8H   A   
T2MOD. . . . . . .  D ADDR   00C9H   A   
TB8. . . . . . . .  B ADDR   0098H.3 A   
TCLK . . . . . . .  B ADDR   00C8H.4 A   
TCON . . . . . . .  D ADDR   0088H   A   
TF0. . . . . . . .  B ADDR   0088H.5 A   
TF1. . . . . . . .  B ADDR   0088H.7 A   
TF2. . . . . . . .  B ADDR   00C8H.7 A   
TH0. . . . . . . .  D ADDR   008CH   A   
TH1. . . . . . . .  D ADDR   008DH   A   
TH2. . . . . . . .  D ADDR   00CDH   A   
TI . . . . . . . .  B ADDR   0098H.1 A   
TL0. . . . . . . .  D ADDR   008AH   A   
TL1. . . . . . . .  D ADDR   008BH   A   
TL2. . . . . . . .  D ADDR   00CCH   A   
TMOD . . . . . . .  D ADDR   0089H   A   
TR0. . . . . . . .  B ADDR   0088H.4 A   
TR1. . . . . . . .  B ADDR   0088H.6 A   
TR2. . . . . . . .  B ADDR   00C8H.2 A   
TXD. . . . . . . .  B ADDR   00B0H.1 A   
UD . . . . . . . .  B ADDR   00D0H.1 A   
VERIFICACAO. . . .  C ADDR   005AH   A   
WDTPRG . . . . . .  D ADDR   00A7H   A   
WDTRST . . . . . .  D ADDR   00A6H   A   
WR . . . . . . . .  B ADDR   00B0H.6 A   


REGISTER BANK(S) USED: 0 


ASSEMBLY COMPLETE.  0 WARNING(S), 1 ERROR(S)
